{"total": {"lines":{"total":640,"covered":518,"skipped":0,"pct":80.93},"statements":{"total":640,"covered":518,"skipped":0,"pct":80.93},"functions":{"total":56,"covered":41,"skipped":0,"pct":73.21},"branches":{"total":58,"covered":55,"skipped":0,"pct":94.82},"branchesTrue":{"total":0,"covered":0,"skipped":0,"pct":100}}
,"/Users/morishige/works/private/react-arch-example/.vitest/setup.ts": {"lines":{"total":10,"covered":10,"skipped":0,"pct":100},"functions":{"total":0,"covered":0,"skipped":0,"pct":100},"statements":{"total":10,"covered":10,"skipped":0,"pct":100},"branches":{"total":3,"covered":3,"skipped":0,"pct":100}}
,"/Users/morishige/works/private/react-arch-example/src/components/Avatar/Avatar.tsx": {"lines":{"total":53,"covered":53,"skipped":0,"pct":100},"functions":{"total":3,"covered":3,"skipped":0,"pct":100},"statements":{"total":53,"covered":53,"skipped":0,"pct":100},"branches":{"total":6,"covered":6,"skipped":0,"pct":100}}
,"/Users/morishige/works/private/react-arch-example/src/components/Avatar/index.ts": {"lines":{"total":1,"covered":1,"skipped":0,"pct":100},"functions":{"total":0,"covered":0,"skipped":0,"pct":100},"statements":{"total":1,"covered":1,"skipped":0,"pct":100},"branches":{"total":0,"covered":0,"skipped":0,"pct":100}}
,"/Users/morishige/works/private/react-arch-example/src/components/Button/Button.stories.tsx": {"lines":{"total":22,"covered":22,"skipped":0,"pct":100},"functions":{"total":2,"covered":2,"skipped":0,"pct":100},"statements":{"total":22,"covered":22,"skipped":0,"pct":100},"branches":{"total":2,"covered":2,"skipped":0,"pct":100}}
,"/Users/morishige/works/private/react-arch-example/src/components/Button/Button.tsx": {"lines":{"total":23,"covered":22,"skipped":0,"pct":95.65},"functions":{"total":2,"covered":2,"skipped":0,"pct":100},"statements":{"total":23,"covered":22,"skipped":0,"pct":95.65},"branches":{"total":3,"covered":2,"skipped":0,"pct":66.66}}
,"/Users/morishige/works/private/react-arch-example/src/components/Colocate/Colocate.tsx": {"lines":{"total":34,"covered":34,"skipped":0,"pct":100},"functions":{"total":2,"covered":2,"skipped":0,"pct":100},"statements":{"total":34,"covered":34,"skipped":0,"pct":100},"branches":{"total":4,"covered":4,"skipped":0,"pct":100}}
,"/Users/morishige/works/private/react-arch-example/src/components/ContainerPresenter/Container.tsx": {"lines":{"total":18,"covered":18,"skipped":0,"pct":100},"functions":{"total":2,"covered":2,"skipped":0,"pct":100},"statements":{"total":18,"covered":18,"skipped":0,"pct":100},"branches":{"total":2,"covered":2,"skipped":0,"pct":100}}
,"/Users/morishige/works/private/react-arch-example/src/components/ContainerPresenter/Presenter.tsx": {"lines":{"total":36,"covered":36,"skipped":0,"pct":100},"functions":{"total":2,"covered":2,"skipped":0,"pct":100},"statements":{"total":36,"covered":36,"skipped":0,"pct":100},"branches":{"total":5,"covered":5,"skipped":0,"pct":100}}
,"/Users/morishige/works/private/react-arch-example/src/components/Spinner/Spinner.tsx": {"lines":{"total":57,"covered":57,"skipped":0,"pct":100},"functions":{"total":2,"covered":2,"skipped":0,"pct":100},"statements":{"total":57,"covered":57,"skipped":0,"pct":100},"branches":{"total":2,"covered":2,"skipped":0,"pct":100}}
,"/Users/morishige/works/private/react-arch-example/src/components/Spinner/index.ts": {"lines":{"total":1,"covered":1,"skipped":0,"pct":100},"functions":{"total":0,"covered":0,"skipped":0,"pct":100},"statements":{"total":1,"covered":1,"skipped":0,"pct":100},"branches":{"total":0,"covered":0,"skipped":0,"pct":100}}
,"/Users/morishige/works/private/react-arch-example/src/config/index.ts": {"lines":{"total":14,"covered":8,"skipped":0,"pct":57.14},"functions":{"total":2,"covered":1,"skipped":0,"pct":50},"statements":{"total":14,"covered":8,"skipped":0,"pct":57.14},"branches":{"total":3,"covered":1,"skipped":0,"pct":33.33}}
,"/Users/morishige/works/private/react-arch-example/src/hooks/useApi.ts": {"lines":{"total":118,"covered":43,"skipped":0,"pct":36.44},"functions":{"total":9,"covered":3,"skipped":0,"pct":33.33},"statements":{"total":118,"covered":43,"skipped":0,"pct":36.44},"branches":{"total":3,"covered":3,"skipped":0,"pct":100}}
,"/Users/morishige/works/private/react-arch-example/src/hooks/usePosts.ts": {"lines":{"total":21,"covered":17,"skipped":0,"pct":80.95},"functions":{"total":4,"covered":3,"skipped":0,"pct":75},"statements":{"total":21,"covered":17,"skipped":0,"pct":80.95},"branches":{"total":4,"covered":4,"skipped":0,"pct":100}}
,"/Users/morishige/works/private/react-arch-example/src/lib/api.ts": {"lines":{"total":15,"covered":12,"skipped":0,"pct":80},"functions":{"total":1,"covered":1,"skipped":0,"pct":100},"statements":{"total":15,"covered":12,"skipped":0,"pct":80},"branches":{"total":2,"covered":2,"skipped":0,"pct":100}}
,"/Users/morishige/works/private/react-arch-example/src/lib/react-query/queryClient.ts": {"lines":{"total":36,"covered":24,"skipped":0,"pct":66.66},"functions":{"total":4,"covered":2,"skipped":0,"pct":50},"statements":{"total":36,"covered":24,"skipped":0,"pct":66.66},"branches":{"total":2,"covered":2,"skipped":0,"pct":100}}
,"/Users/morishige/works/private/react-arch-example/src/providers/AuthGuard.tsx": {"lines":{"total":36,"covered":20,"skipped":0,"pct":55.55},"functions":{"total":4,"covered":2,"skipped":0,"pct":50},"statements":{"total":36,"covered":20,"skipped":0,"pct":55.55},"branches":{"total":2,"covered":2,"skipped":0,"pct":100}}
,"/Users/morishige/works/private/react-arch-example/src/repositories/postsRepository.ts": {"lines":{"total":19,"covered":17,"skipped":0,"pct":89.47},"functions":{"total":3,"covered":2,"skipped":0,"pct":66.66},"statements":{"total":19,"covered":17,"skipped":0,"pct":89.47},"branches":{"total":3,"covered":3,"skipped":0,"pct":100}}
,"/Users/morishige/works/private/react-arch-example/src/test/test-utils.tsx": {"lines":{"total":51,"covered":51,"skipped":0,"pct":100},"functions":{"total":5,"covered":5,"skipped":0,"pct":100},"statements":{"total":51,"covered":51,"skipped":0,"pct":100},"branches":{"total":5,"covered":5,"skipped":0,"pct":100}}
,"/Users/morishige/works/private/react-arch-example/src/test/server/server.ts": {"lines":{"total":5,"covered":5,"skipped":0,"pct":100},"functions":{"total":1,"covered":1,"skipped":0,"pct":100},"statements":{"total":5,"covered":5,"skipped":0,"pct":100},"branches":{"total":1,"covered":1,"skipped":0,"pct":100}}
,"/Users/morishige/works/private/react-arch-example/src/test/server/handlers/index.ts": {"lines":{"total":3,"covered":3,"skipped":0,"pct":100},"functions":{"total":1,"covered":1,"skipped":0,"pct":100},"statements":{"total":3,"covered":3,"skipped":0,"pct":100},"branches":{"total":1,"covered":1,"skipped":0,"pct":100}}
,"/Users/morishige/works/private/react-arch-example/src/test/server/handlers/posts.ts": {"lines":{"total":51,"covered":51,"skipped":0,"pct":100},"functions":{"total":3,"covered":3,"skipped":0,"pct":100},"statements":{"total":51,"covered":51,"skipped":0,"pct":100},"branches":{"total":3,"covered":3,"skipped":0,"pct":100}}
,"/Users/morishige/works/private/react-arch-example/src/utils/index.ts": {"lines":{"total":16,"covered":13,"skipped":0,"pct":81.25},"functions":{"total":4,"covered":2,"skipped":0,"pct":50},"statements":{"total":16,"covered":13,"skipped":0,"pct":81.25},"branches":{"total":2,"covered":2,"skipped":0,"pct":100}}
}
